----
Current time = 08/10/2024 18:30:26
DSLOG: Total number of iterations: 449020
DSLOG: Average throughput time: 0.029202987317714833
DSLOG: Found the end of the coverage map.
[65535]
{68: 7118, 101: 7151, 251: 7301, 309: 7359, 333: 7383, 357: 7407, 381: 7431, 404: 7454, 916: 7966, 933: 7983, 937: 7987, 962: 8012, 966: 8016, 1148: 8198, 1172: 8222, 1176: 8226, 1187: 8237, 1196: 8246, 1209: 8259, 1218: 8268, 1236: 8286, 1240: 8290, 1248: 8298, 1259: 8309, 1280: 8330, 1284: 8334, 1311: 8361, 1315: 8365, 1329: 8379, 1336: 8386, 1349: 8399, 1356: 8406, 1365: 8415, 1383: 8433, 1387: 8437, 1396: 8446, 1415: 8465, 1445: 8495, 1635: 8685, 1654: 8704, 1673: 8723, 1691: 8741, 1709: 8759, 1738: 8788, 1793: 8843, 1836: 8886, 1886: 8936, 2259: 9309, 2269: 9319, 2293: 9343, 2297: 9347, 2316: 9366, 2320: 9370, 2336: 9386, 2346: 9396, 2365: 9415, 2369: 9419, 2391: 9441, 2395: 9445, 2416: 9466, 2420: 9470, 2439: 9489, 2443: 9493, 2460: 9510, 2472: 9522, 2479: 9529, 2495: 9545, 2499: 9549, 2521: 9571, 20931: 27981, 20935: 27985}
[65535]
DSLOG: Coverage not found:  65535
-----Resetting the Device-----
Current status for hub 4-2 [2109:8110 VIA Labs, Inc. USB3.0 Hub, USB 3.00, 4 ports, ppps]
  Port 1: 02a0 power 5gbps Rx.Detect
Sent power off request
New status for hub 4-2 [2109:8110 VIA Labs, Inc. USB3.0 Hub, USB 3.00, 4 ports, ppps]
  Port 1: 0080 off
Current status for hub 3-2 [2109:2811 VIA Labs, Inc. USB2.0 Hub, USB 2.10, 4 ports, ppps]
  Port 1: 0503 power highspeed enable connect [0403:a6d0 SD Texas Instruments Inc.XDS100 Ver 2.0 SD0W9XLO]
Sent power off request
New status for hub 3-2 [2109:2811 VIA Labs, Inc. USB2.0 Hub, USB 2.10, 4 ports, ppps]
  Port 1: 0000 off
Current status for hub 4-2 [2109:8110 VIA Labs, Inc. USB3.0 Hub, USB 3.00, 4 ports, ppps]
  Port 1: 0080 off
Sent power on request
New status for hub 4-2 [2109:8110 VIA Labs, Inc. USB3.0 Hub, USB 3.00, 4 ports, ppps]
  Port 1: 02a0 power 5gbps Rx.Detect
Current status for hub 3-2 [2109:2811 VIA Labs, Inc. USB2.0 Hub, USB 2.10, 4 ports, ppps]
  Port 1: 0000 off
Sent power on request
New status for hub 3-2 [2109:2811 VIA Labs, Inc. USB2.0 Hub, USB 2.10, 4 ports, ppps]
  Port 1: 0101 power connect [0403:a6d0]
C55xx: GEL Output: Reset Peripherals is complete.

C55xx: GEL Output: Configuring PLL (100 MHz).

C55xx: GEL Output: PLL Init Done.
C55xx: GEL Output: Target Connection Complete.

DSLOG: Time taken for set_intial_breakpoints = 0.023053384997183457
Current time = 08/10/2024 18:30:42
DSLOG: Total number of iterations: 449021
DSLOG: Average throughput time: 0.02923937599724504
DSLOG: Time taken for refresh_global_pool = 3.574500442482531e-05
DSLOG: We have 6 in the global pool.
DSLOG: Time taken for write_local_pool = 0.09519362400169484
DSLOG: Time taken for refresh_global_pool = 4.999800876248628e-05
DSLOG: Time taken for refresh_local_pool = 0.101515324000502
32
-----Starting Sanity Check-----
DSLOG: Time taken for set_refresh_breakpoint = 0.000697765004588291
DSLOG: Time taken for crash_reload = 16.471033996989718
Current time = 08/10/2024 18:30:42
DSLOG: Total number of iterations: 449022
DSLOG: Average throughput time: 0.02923966852578371
DSLOG: Time taken for refresh_global_pool = 3.214800381101668e-05
DSLOG: We have 6 in the global pool.
DSLOG: Time taken for write_local_pool = 0.10445444099605083
DSLOG: Time taken for refresh_global_pool = 3.322899283375591e-05
DSLOG: Time taken for refresh_local_pool = 0.11200198601000011
33
-----Starting Sanity Check-----
DSLOG: Time taken for set_refresh_breakpoint = 0.002448719009407796
Current time = 08/10/2024 18:50:42
DSLOG: Total number of iterations: 492140
DSLOG: Average throughput time: 0.029116484539654253
DSLOG: Time taken for refresh_global_pool = 3.460099105723202e-05
DSLOG: We have 6 in the global pool.
DSLOG: Time taken for write_local_pool = 0.1035662470094394
DSLOG: Time taken for refresh_global_pool = 2.0610998035408556e-05
DSLOG: Time taken for refresh_local_pool = 0.11065011100436095
34
-----Starting Sanity Check-----
DSLOG: Time taken for set_refresh_breakpoint = 0.0034181270020781085
Current time = 08/10/2024 19:10:43
DSLOG: Total number of iterations: 535250
DSLOG: Average throughput time: 0.0290136099485302
DSLOG: Time taken for refresh_global_pool = 3.805699816439301e-05
DSLOG: We have 6 in the global pool.
DSLOG: Time taken for write_local_pool = 0.1017853850062238
DSLOG: Time taken for refresh_global_pool = 2.586201298981905e-05
DSLOG: Time taken for refresh_local_pool = 0.1089462650124915
35
-----Starting Sanity Check-----
DSLOG: Time taken for set_refresh_breakpoint = 0.001415457998518832
Current time = 08/10/2024 19:30:43
DSLOG: Total number of iterations: 578389
DSLOG: Average throughput time: 0.028924588952944395
DSLOG: Time taken for refresh_global_pool = 3.6110010114498436e-05
DSLOG: We have 6 in the global pool.
DSLOG: Time taken for write_local_pool = 0.10281074700469617
DSLOG: Time taken for refresh_global_pool = 3.3329997677356005e-05
DSLOG: Time taken for refresh_local_pool = 0.1101026110118255
36
-----Starting Sanity Check-----
DSLOG: Time taken for set_refresh_breakpoint = 0.0013601309910882264
Current time = 08/10/2024 19:50:43
DSLOG: Total number of iterations: 621551
DSLOG: Average throughput time: 0.02884691220884157
DSLOG: Time taken for refresh_global_pool = 5.486099689733237e-05
DSLOG: We have 6 in the global pool.
DSLOG: Time taken for write_local_pool = 0.10359518299810588
DSLOG: Time taken for refresh_global_pool = 2.5695000658743083e-05
DSLOG: Time taken for refresh_local_pool = 0.10999911799444817
37
-----Starting Sanity Check-----
DSLOG: Time taken for set_refresh_breakpoint = 0.010710483009461313
Current time = 08/10/2024 20:10:43
DSLOG: Total number of iterations: 664704
DSLOG: Average throughput time: 0.028779700533668934
DSLOG: Time taken for refresh_global_pool = 0.0001111250021494925
DSLOG: We have 6 in the global pool.
DSLOG: Time taken for write_local_pool = 0.10257508599897847
DSLOG: Time taken for refresh_global_pool = 3.126000228803605e-05
DSLOG: Time taken for refresh_local_pool = 0.1098168979951879
38
-----Starting Sanity Check-----
DSLOG: Time taken for set_refresh_breakpoint = 0.0010659760009730235
Current time = 08/10/2024 20:30:43
DSLOG: Total number of iterations: 707864
DSLOG: Average throughput time: 0.02872041271813999
DSLOG: Time taken for refresh_global_pool = 6.99399970471859e-05
DSLOG: We have 6 in the global pool.
DSLOG: Time taken for write_local_pool = 0.10551877800025977
DSLOG: Time taken for refresh_global_pool = 3.0687995604239404e-05
DSLOG: Time taken for refresh_local_pool = 0.11311486799968407
39
-----Starting Sanity Check-----
DSLOG: Time taken for set_refresh_breakpoint = 0.007146331001422368
Current time = 08/10/2024 20:50:43
DSLOG: Total number of iterations: 751018
DSLOG: Average throughput time: 0.02866813560085677
DSLOG: Time taken for refresh_global_pool = 3.703699621837586e-05
DSLOG: We have 6 in the global pool.
DSLOG: Time taken for write_local_pool = 0.10250200699374545
DSLOG: Time taken for refresh_global_pool = 2.341299841646105e-05
DSLOG: Time taken for refresh_local_pool = 0.10983384199789725
40
-----Starting Sanity Check-----
DSLOG: Time taken for set_refresh_breakpoint = 0.007917437003925443
Current time = 08/10/2024 21:10:43
DSLOG: Total number of iterations: 794167
DSLOG: Average throughput time: 0.028621715320377505
DSLOG: Time taken for refresh_global_pool = 3.0816998332738876e-05
DSLOG: We have 6 in the global pool.
DSLOG: Time taken for write_local_pool = 0.10284051700728014
DSLOG: Time taken for refresh_global_pool = 2.5681001716293395e-05
DSLOG: Time taken for refresh_local_pool = 0.11000569800671656
41
-----Starting Sanity Check-----
DSLOG: Time taken for set_refresh_breakpoint = 0.0019496349996188655
Current time = 08/10/2024 21:30:44
DSLOG: Total number of iterations: 837330
DSLOG: Average throughput time: 0.028579613056897893
DSLOG: Time taken for refresh_global_pool = 4.633898788597435e-05
DSLOG: We have 6 in the global pool.
DSLOG: Time taken for write_local_pool = 0.105616592001752
DSLOG: Time taken for refresh_global_pool = 3.203000233042985e-05
DSLOG: Time taken for refresh_local_pool = 0.1126156130048912
42
-----Starting Sanity Check-----
DSLOG: Time taken for set_refresh_breakpoint = 0.005905755999265239
Current time = 08/10/2024 21:50:44
DSLOG: Total number of iterations: 880475
DSLOG: Average throughput time: 0.028542213440482973
DSLOG: Time taken for refresh_global_pool = 6.775000656489283e-05
DSLOG: We have 6 in the global pool.
DSLOG: Time taken for write_local_pool = 0.10517331800656393
DSLOG: Time taken for refresh_global_pool = 3.014600952155888e-05
DSLOG: Time taken for refresh_local_pool = 0.11296067599323578
-----Found crash-----
Current time = 08/10/2024 22:09:41
DSLOG: Total number of iterations: 899550
DSLOG: Average throughput time: 0.029200846432354072
DSLOG: Found the end of the coverage map.
[65535]
{68: 7118, 101: 7151, 251: 7301, 309: 7359, 333: 7383, 357: 7407, 381: 7431, 404: 7454, 916: 7966, 933: 7983, 937: 7987, 962: 8012, 966: 8016, 1148: 8198, 1172: 8222, 1176: 8226, 1187: 8237, 1196: 8246, 1209: 8259, 1218: 8268, 1236: 8286, 1240: 8290, 1248: 8298, 1259: 8309, 1280: 8330, 1284: 8334, 1311: 8361, 1315: 8365, 1329: 8379, 1336: 8386, 1349: 8399, 1356: 8406, 1365: 8415, 1383: 8433, 1387: 8437, 1396: 8446, 1415: 8465, 1445: 8495, 1635: 8685, 1654: 8704, 1673: 8723, 1691: 8741, 1709: 8759, 1738: 8788, 1793: 8843, 1836: 8886, 1886: 8936, 2259: 9309, 2269: 9319, 2293: 9343, 2297: 9347, 2316: 9366, 2320: 9370, 2336: 9386, 2346: 9396, 2365: 9415, 2369: 9419, 2391: 9441, 2395: 9445, 2416: 9466, 2420: 9470, 2439: 9489, 2443: 9493, 2460: 9510, 2472: 9522, 2479: 9529, 2495: 9545, 2499: 9549, 2521: 9571, 20931: 27981, 20935: 27985}
[65535]
DSLOG: Coverage not found:  65535
-----Resetting the Device-----
Current status for hub 4-2 [2109:8110 VIA Labs, Inc. USB3.0 Hub, USB 3.00, 4 ports, ppps]
  Port 1: 02a0 power 5gbps Rx.Detect
Sent power off request
New status for hub 4-2 [2109:8110 VIA Labs, Inc. USB3.0 Hub, USB 3.00, 4 ports, ppps]
  Port 1: 0080 off
Current status for hub 3-2 [2109:2811 VIA Labs, Inc. USB2.0 Hub, USB 2.10, 4 ports, ppps]
  Port 1: 0503 power highspeed enable connect [0403:a6d0 SD Texas Instruments Inc.XDS100 Ver 2.0 SD0W9XLO]
Sent power off request
New status for hub 3-2 [2109:2811 VIA Labs, Inc. USB2.0 Hub, USB 2.10, 4 ports, ppps]
  Port 1: 0000 off
Current status for hub 4-2 [2109:8110 VIA Labs, Inc. USB3.0 Hub, USB 3.00, 4 ports, ppps]
  Port 1: 0080 off
Sent power on request
New status for hub 4-2 [2109:8110 VIA Labs, Inc. USB3.0 Hub, USB 3.00, 4 ports, ppps]
  Port 1: 02a0 power 5gbps Rx.Detect
Current status for hub 3-2 [2109:2811 VIA Labs, Inc. USB2.0 Hub, USB 2.10, 4 ports, ppps]
  Port 1: 0000 off
Sent power on request
New status for hub 3-2 [2109:2811 VIA Labs, Inc. USB2.0 Hub, USB 2.10, 4 ports, ppps]
  Port 1: 0101 power connect [0403:a6d0]
C55xx: GEL Output: Reset Peripherals is complete.

C55xx: GEL Output: Configuring PLL (100 MHz).

C55xx: GEL Output: PLL Init Done.
C55xx: GEL Output: Target Connection Complete.

DSLOG: Time taken for set_intial_breakpoints = 0.024311582004884258
Current time = 08/10/2024 22:09:57
DSLOG: Total number of iterations: 899551
DSLOG: Average throughput time: 0.029219069083953556
DSLOG: Time taken for refresh_global_pool = 7.281400030478835e-05
DSLOG: We have 6 in the global pool.
DSLOG: Time taken for write_local_pool = 0.09644773100444581
DSLOG: Time taken for refresh_global_pool = 4.190599429421127e-05
DSLOG: Time taken for refresh_local_pool = 0.10364479299460072
54
-----Starting Sanity Check-----
DSLOG: Time taken for set_refresh_breakpoint = 0.002946245003840886
DSLOG: Time taken for crash_reload = 16.528214955003932
Current time = 08/10/2024 22:09:57
DSLOG: Total number of iterations: 899552
DSLOG: Average throughput time: 0.029219217824783674
DSLOG: Time taken for refresh_global_pool = 3.0509007046930492e-05
DSLOG: We have 6 in the global pool.
DSLOG: Time taken for write_local_pool = 0.10533234100148547
DSLOG: Time taken for refresh_global_pool = 3.3522999729029834e-05
DSLOG: Time taken for refresh_local_pool = 0.11249867400329094
55
-----Starting Sanity Check-----
DSLOG: Time taken for set_refresh_breakpoint = 0.005450322001706809
Current time = 08/10/2024 22:29:57
DSLOG: Total number of iterations: 942678
DSLOG: Average throughput time: 0.0291555998782059
DSLOG: Time taken for refresh_global_pool = 3.139000909868628e-05
DSLOG: We have 6 in the global pool.
DSLOG: Time taken for write_local_pool = 0.10207386100955773
DSLOG: Time taken for refresh_global_pool = 2.7656002203002572e-05
DSLOG: Time taken for refresh_local_pool = 0.10936560899426695
56
-----Starting Sanity Check-----
DSLOG: Time taken for set_refresh_breakpoint = 0.004823409995879047
Current time = 08/10/2024 22:49:57
DSLOG: Total number of iterations: 985829
DSLOG: Average throughput time: 0.029096806130449904
DSLOG: Time taken for refresh_global_pool = 3.790800110436976e-05
DSLOG: We have 6 in the global pool.
DSLOG: Time taken for write_local_pool = 0.10597727799904533
DSLOG: Time taken for refresh_global_pool = 3.227399429306388e-05
DSLOG: Time taken for refresh_local_pool = 0.11323321399686392
57
-----Starting Sanity Check-----
DSLOG: Time taken for set_refresh_breakpoint = 0.008112606999929994
Current time = 08/10/2024 23:09:58
DSLOG: Total number of iterations: 1028956
DSLOG: Average throughput time: 0.029043628617217654
DSLOG: Time taken for refresh_global_pool = 3.0372000765055418e-05
DSLOG: We have 6 in the global pool.
DSLOG: Time taken for write_local_pool = 0.10362872900441289
DSLOG: Time taken for refresh_global_pool = 3.239800571464002e-05
DSLOG: Time taken for refresh_local_pool = 0.11108867700386327
58
-----Starting Sanity Check-----
DSLOG: Time taken for set_refresh_breakpoint = 0.0023480749950977042
Current time = 08/10/2024 23:29:58
DSLOG: Total number of iterations: 1072106
DSLOG: Average throughput time: 0.028994113048026057
DSLOG: Time taken for refresh_global_pool = 3.0539988074451685e-05
DSLOG: We have 6 in the global pool.
DSLOG: Time taken for write_local_pool = 0.10348936200898606
DSLOG: Time taken for refresh_global_pool = 7.595299393869936e-05
DSLOG: Time taken for refresh_local_pool = 0.11023326600843575
59
-----Starting Sanity Check-----
DSLOG: Time taken for set_refresh_breakpoint = 0.0012735530035570264
Current time = 08/10/2024 23:49:58
DSLOG: Total number of iterations: 1115255
DSLOG: Average throughput time: 0.02894845973615291
DSLOG: Time taken for refresh_global_pool = 6.560300244018435e-05
DSLOG: We have 6 in the global pool.
DSLOG: Time taken for write_local_pool = 0.10355518200958613
DSLOG: Time taken for refresh_global_pool = 2.6321999030187726e-05
DSLOG: Time taken for refresh_local_pool = 0.11144319600134622
60
-----Starting Sanity Check-----
DSLOG: Time taken for set_refresh_breakpoint = 0.004129934997763485
Current time = 09/10/2024 00:09:58
DSLOG: Total number of iterations: 1158386
DSLOG: Average throughput time: 0.028906655031505118
DSLOG: Time taken for refresh_global_pool = 4.074300522916019e-05
DSLOG: We have 6 in the global pool.
DSLOG: Time taken for write_local_pool = 0.10360494599444792
DSLOG: Time taken for refresh_global_pool = 2.628000220283866e-05
DSLOG: Time taken for refresh_local_pool = 0.10997393699653912
61
-----Starting Sanity Check-----
DSLOG: Time taken for set_refresh_breakpoint = 0.0021087300119688734
Current time = 09/10/2024 00:29:58
DSLOG: Total number of iterations: 1201537
DSLOG: Average throughput time: 0.028867363173440228
DSLOG: Time taken for refresh_global_pool = 4.4329994125291705e-05
DSLOG: We have 6 in the global pool.
DSLOG: Time taken for write_local_pool = 0.1062856040080078
DSLOG: Time taken for refresh_global_pool = 3.421099972911179e-05
DSLOG: Time taken for refresh_local_pool = 0.11306483299995307
62
-----Starting Sanity Check-----
DSLOG: Time taken for set_refresh_breakpoint = 0.009126559991273098
Current time = 09/10/2024 00:49:58
DSLOG: Total number of iterations: 1244709
DSLOG: Average throughput time: 0.028830322547882054
DSLOG: Time taken for refresh_global_pool = 4.747099592350423e-05
DSLOG: We have 6 in the global pool.
DSLOG: Time taken for write_local_pool = 0.10234843099897262
DSLOG: Time taken for refresh_global_pool = 3.0018985853530467e-05
DSLOG: Time taken for refresh_local_pool = 0.1098302030004561
63
-----Starting Sanity Check-----
DSLOG: Time taken for set_refresh_breakpoint = 0.010712492003221996
Current time = 09/10/2024 01:09:59
DSLOG: Total number of iterations: 1287857
DSLOG: Average throughput time: 0.02879630104929333
DSLOG: Time taken for refresh_global_pool = 5.9026002418249846e-05
DSLOG: We have 6 in the global pool.
DSLOG: Time taken for write_local_pool = 0.10465223700157367
DSLOG: Time taken for refresh_global_pool = 3.282898978795856e-05
DSLOG: Time taken for refresh_local_pool = 0.11212613600946497
64
-----Starting Sanity Check-----
DSLOG: Time taken for set_refresh_breakpoint = 0.00810844000079669
Current time = 09/10/2024 01:29:59
DSLOG: Total number of iterations: 1330965
DSLOG: Average throughput time: 0.02876534946849914
DSLOG: Time taken for refresh_global_pool = 5.127901386003941e-05
DSLOG: We have 6 in the global pool.
DSLOG: Time taken for write_local_pool = 0.10099700299906544
DSLOG: Time taken for refresh_global_pool = 3.5460994695313275e-05
DSLOG: Time taken for refresh_local_pool = 0.10842959600267932
-----Found crash-----
Current time = 09/10/2024 01:46:17
DSLOG: Total number of iterations: 1344372
DSLOG: Average throughput time: 0.02920641013813393
DSLOG: Found the end of the coverage map.
[65535]
{68: 7118, 101: 7151, 251: 7301, 309: 7359, 333: 7383, 357: 7407, 381: 7431, 404: 7454, 916: 7966, 933: 7983, 937: 7987, 962: 8012, 966: 8016, 1148: 8198, 1172: 8222, 1176: 8226, 1187: 8237, 1196: 8246, 1209: 8259, 1218: 8268, 1236: 8286, 1240: 8290, 1248: 8298, 1259: 8309, 1280: 8330, 1284: 8334, 1311: 8361, 1315: 8365, 1329: 8379, 1336: 8386, 1349: 8399, 1356: 8406, 1365: 8415, 1383: 8433, 1387: 8437, 1396: 8446, 1415: 8465, 1445: 8495, 1635: 8685, 1654: 8704, 1673: 8723, 1691: 8741, 1709: 8759, 1738: 8788, 1793: 8843, 1836: 8886, 1886: 8936, 2259: 9309, 2269: 9319, 2293: 9343, 2297: 9347, 2316: 9366, 2320: 9370, 2336: 9386, 2346: 9396, 2365: 9415, 2369: 9419, 2391: 9441, 2395: 9445, 2416: 9466, 2420: 9470, 2439: 9489, 2443: 9493, 2460: 9510, 2472: 9522, 2479: 9529, 2495: 9545, 2499: 9549, 2521: 9571, 20931: 27981, 20935: 27985}
[65535]
DSLOG: Coverage not found:  65535
-----Resetting the Device-----
Current status for hub 4-2 [2109:8110 VIA Labs, Inc. USB3.0 Hub, USB 3.00, 4 ports, ppps]
  Port 1: 02a0 power 5gbps Rx.Detect
Sent power off request
New status for hub 4-2 [2109:8110 VIA Labs, Inc. USB3.0 Hub, USB 3.00, 4 ports, ppps]
  Port 1: 0080 off
Current status for hub 3-2 [2109:2811 VIA Labs, Inc. USB2.0 Hub, USB 2.10, 4 ports, ppps]
  Port 1: 0503 power highspeed enable connect [0403:a6d0 SD Texas Instruments Inc.XDS100 Ver 2.0 SD0W9XLO]
Sent power off request
New status for hub 3-2 [2109:2811 VIA Labs, Inc. USB2.0 Hub, USB 2.10, 4 ports, ppps]
  Port 1: 0000 off
Current status for hub 4-2 [2109:8110 VIA Labs, Inc. USB3.0 Hub, USB 3.00, 4 ports, ppps]
  Port 1: 0080 off
Sent power on request
New status for hub 4-2 [2109:8110 VIA Labs, Inc. USB3.0 Hub, USB 3.00, 4 ports, ppps]
  Port 1: 02a0 power 5gbps Rx.Detect
Current status for hub 3-2 [2109:2811 VIA Labs, Inc. USB2.0 Hub, USB 2.10, 4 ports, ppps]
  Port 1: 0000 off
Sent power on request
New status for hub 3-2 [2109:2811 VIA Labs, Inc. USB2.0 Hub, USB 2.10, 4 ports, ppps]
  Port 1: 0101 power connect [0403:a6d0]
C55xx: GEL Output: Reset Peripherals is complete.

C55xx: GEL Output: Configuring PLL (100 MHz).

C55xx: GEL Output: PLL Init Done.
C55xx: GEL Output: Target Connection Complete.

SEVERE: C55xx: Can't Run Target CPU: (Error -1140 @ 0x0) Lost debug connection to device. Reset the device, and retry the operation. If error persists, confirm configuration, power-cycle the board, and/or try more reliable JTAG settings (e.g. lower TCLK). (Emulation package 12.7.0.00130) 

DSLOG: Time taken for set_intial_breakpoints = 0.03434277401538566
Current time = 09/10/2024 01:46:36
DSLOG: Total number of iterations: 1344405
DSLOG: Average throughput time: 0.029219499644244085
DSLOG: Time taken for refresh_global_pool = 3.9564998587593436e-05
DSLOG: We have 6 in the global pool.
DSLOG: Time taken for write_local_pool = 0.08833606998086907
DSLOG: Time taken for refresh_global_pool = 2.8741982532665133e-05
DSLOG: Time taken for refresh_local_pool = 0.09193790500285104
76
-----Starting Sanity Check-----
DSLOG: Time taken for set_refresh_breakpoint = 0.0025686690059956163
DSLOG: Time taken for crash_reload = 18.656099652987905
Current time = 09/10/2024 01:46:36
DSLOG: Total number of iterations: 1344406
DSLOG: Average throughput time: 0.02921958175650883
DSLOG: Time taken for refresh_global_pool = 2.772800507955253e-05
DSLOG: We have 6 in the global pool.
DSLOG: Time taken for write_local_pool = 0.09601465298328549
DSLOG: Time taken for refresh_global_pool = 2.5626010028645396e-05
DSLOG: Time taken for refresh_local_pool = 0.10320610797498375
77
-----Starting Sanity Check-----
DSLOG: Time taken for set_refresh_breakpoint = 0.0030652529967483133
Current time = 09/10/2024 02:06:36
DSLOG: Total number of iterations: 1400810
DSLOG: Average throughput time: 0.02889980106481887
DSLOG: Time taken for refresh_global_pool = 4.339899169281125e-05
DSLOG: We have 6 in the global pool.
DSLOG: Time taken for write_local_pool = 0.09641314100008458
DSLOG: Time taken for refresh_global_pool = 2.767998375929892e-05
DSLOG: Time taken for refresh_local_pool = 0.1012531100132037
78
-----Starting Sanity Check-----
DSLOG: Time taken for set_refresh_breakpoint = 0.002970525005366653
Current time = 09/10/2024 02:26:36
DSLOG: Total number of iterations: 1457151
DSLOG: Average throughput time: 0.028606012717394894
DSLOG: Time taken for refresh_global_pool = 5.2704999689012766e-05
DSLOG: We have 6 in the global pool.
DSLOG: Time taken for write_local_pool = 0.09917930501978844
DSLOG: Time taken for refresh_global_pool = 3.1894014682620764e-05
DSLOG: Time taken for refresh_local_pool = 0.10690274901571684
79
-----Starting Sanity Check-----
DSLOG: Time taken for set_refresh_breakpoint = 0.0065633030026219785
Current time = 09/10/2024 02:46:36
DSLOG: Total number of iterations: 1513490
DSLOG: Average throughput time: 0.028334120984540558
DSLOG: Time taken for refresh_global_pool = 3.4581986255943775e-05
DSLOG: We have 6 in the global pool.
DSLOG: Time taken for write_local_pool = 0.09725118000642397
DSLOG: Time taken for refresh_global_pool = 2.747800317592919e-05
DSLOG: Time taken for refresh_local_pool = 0.1042958140023984
80
-----Starting Sanity Check-----
DSLOG: Time taken for set_refresh_breakpoint = 0.005836598022142425
Current time = 09/10/2024 03:06:37
DSLOG: Total number of iterations: 1569867
DSLOG: Average throughput time: 0.028081071169214523
DSLOG: Time taken for refresh_global_pool = 4.6967004891484976e-05
DSLOG: We have 6 in the global pool.
DSLOG: Time taken for write_local_pool = 0.09792317700339481
DSLOG: Time taken for refresh_global_pool = 3.1316973036155105e-05
DSLOG: Time taken for refresh_local_pool = 0.1058778959850315
81
-----Starting Sanity Check-----
DSLOG: Time taken for set_refresh_breakpoint = 0.001445700996555388
Current time = 09/10/2024 03:26:37
DSLOG: Total number of iterations: 1626317
DSLOG: Average throughput time: 0.027844325834269306
DSLOG: Time taken for refresh_global_pool = 3.6062003346160054e-05
DSLOG: We have 6 in the global pool.
DSLOG: Time taken for write_local_pool = 0.09473227098351344
DSLOG: Time taken for refresh_global_pool = 2.7372007025405765e-05
DSLOG: Time taken for refresh_local_pool = 0.102464959025383
82
-----Starting Sanity Check-----
DSLOG: Time taken for set_refresh_breakpoint = 0.0074685400177259
Current time = 09/10/2024 03:46:37
DSLOG: Total number of iterations: 1682717
DSLOG: Average throughput time: 0.027624268325665037
DSLOG: Time taken for refresh_global_pool = 3.5595003282651305e-05
DSLOG: We have 6 in the global pool.
DSLOG: Time taken for write_local_pool = 0.09663795799133368
DSLOG: Time taken for refresh_global_pool = 2.666198997758329e-05
DSLOG: Time taken for refresh_local_pool = 0.10399270700872876
83
-----Starting Sanity Check-----
DSLOG: Time taken for set_refresh_breakpoint = 0.005077403009636328
Current time = 09/10/2024 04:06:37
DSLOG: Total number of iterations: 1739146
DSLOG: Average throughput time: 0.027418025983584476
DSLOG: Time taken for refresh_global_pool = 3.5958015359938145e-05
DSLOG: We have 6 in the global pool.
DSLOG: Time taken for write_local_pool = 0.09661187199526466
DSLOG: Time taken for refresh_global_pool = 2.8867973014712334e-05
DSLOG: Time taken for refresh_local_pool = 0.10375042201485485
84
-----Starting Sanity Check-----
DSLOG: Time taken for set_refresh_breakpoint = 0.0023042450193315744
Current time = 09/10/2024 04:26:37
DSLOG: Total number of iterations: 1795563
DSLOG: Average throughput time: 0.027224934019052054
DSLOG: Time taken for refresh_global_pool = 3.0687020625919104e-05
DSLOG: We have 6 in the global pool.
DSLOG: Time taken for write_local_pool = 0.09939701898838393
DSLOG: Time taken for refresh_global_pool = 2.99809908028692e-05
DSLOG: Time taken for refresh_local_pool = 0.10669175299699418
-----Found crash-----
Current time = 09/10/2024 04:35:42
DSLOG: Total number of iterations: 1797402
DSLOG: Average throughput time: 0.027500220604626986
DSLOG: Found the end of the coverage map.
[65535]
{68: 7118, 101: 7151, 251: 7301, 309: 7359, 333: 7383, 357: 7407, 381: 7431, 404: 7454, 916: 7966, 933: 7983, 937: 7987, 962: 8012, 966: 8016, 1148: 8198, 1172: 8222, 1176: 8226, 1187: 8237, 1196: 8246, 1209: 8259, 1218: 8268, 1236: 8286, 1240: 8290, 1248: 8298, 1259: 8309, 1280: 8330, 1284: 8334, 1311: 8361, 1315: 8365, 1329: 8379, 1336: 8386, 1349: 8399, 1356: 8406, 1365: 8415, 1383: 8433, 1387: 8437, 1396: 8446, 1415: 8465, 1445: 8495, 1635: 8685, 1654: 8704, 1673: 8723, 1691: 8741, 1709: 8759, 1738: 8788, 1793: 8843, 1836: 8886, 1886: 8936, 2259: 9309, 2269: 9319, 2293: 9343, 2297: 9347, 2316: 9366, 2320: 9370, 2336: 9386, 2346: 9396, 2365: 9415, 2369: 9419, 2391: 9441, 2395: 9445, 2416: 9466, 2420: 9470, 2439: 9489, 2443: 9493, 2460: 9510, 2472: 9522, 2479: 9529, 2495: 9545, 2499: 9549, 2521: 9571, 20931: 27981, 20935: 27985}
[65535]
DSLOG: Coverage not found:  65535
-----Resetting the Device-----
Current status for hub 4-2 [2109:8110 VIA Labs, Inc. USB3.0 Hub, USB 3.00, 4 ports, ppps]
  Port 1: 02a0 power 5gbps Rx.Detect
Sent power off request
New status for hub 4-2 [2109:8110 VIA Labs, Inc. USB3.0 Hub, USB 3.00, 4 ports, ppps]
  Port 1: 0080 off
Current status for hub 3-2 [2109:2811 VIA Labs, Inc. USB2.0 Hub, USB 2.10, 4 ports, ppps]
  Port 1: 0503 power highspeed enable connect [0403:a6d0 SD Texas Instruments Inc.XDS100 Ver 2.0 SD0W9XLO]
Sent power off request
New status for hub 3-2 [2109:2811 VIA Labs, Inc. USB2.0 Hub, USB 2.10, 4 ports, ppps]
  Port 1: 0000 off
Current status for hub 4-2 [2109:8110 VIA Labs, Inc. USB3.0 Hub, USB 3.00, 4 ports, ppps]
  Port 1: 0080 off
Sent power on request
New status for hub 4-2 [2109:8110 VIA Labs, Inc. USB3.0 Hub, USB 3.00, 4 ports, ppps]
  Port 1: 02a0 power 5gbps Rx.Detect
Current status for hub 3-2 [2109:2811 VIA Labs, Inc. USB2.0 Hub, USB 2.10, 4 ports, ppps]
  Port 1: 0000 off
Sent power on request
New status for hub 3-2 [2109:2811 VIA Labs, Inc. USB2.0 Hub, USB 2.10, 4 ports, ppps]
  Port 1: 0101 power connect [0403:a6d0]
C55xx: GEL Output: Reset Peripherals is complete.

C55xx: GEL Output: Configuring PLL (100 MHz).

C55xx: GEL Output: PLL Init Done.
C55xx: GEL Output: Target Connection Complete.

DSLOG: Time taken for set_intial_breakpoints = 0.02221804897999391
Current time = 09/10/2024 04:35:58
DSLOG: Total number of iterations: 1797403
DSLOG: Average throughput time: 0.02750933511278887
DSLOG: Time taken for refresh_global_pool = 3.579599433578551e-05
DSLOG: We have 6 in the global pool.
DSLOG: Time taken for write_local_pool = 1.10252896201564
DSLOG: Time taken for refresh_global_pool = 3.106100484728813e-05
DSLOG: Time taken for refresh_local_pool = 1.1059816320193931
96
-----Starting Sanity Check-----
DSLOG: Time taken for set_refresh_breakpoint = 0.0024942860181909055
DSLOG: Time taken for crash_reload = 17.518581348995212
SEVERE: C55xx: Can't Single Step Target Program: (Error -1140 @ 0x0) Lost debug connection to device. Reset the device, and retry the operation. If error persists, confirm configuration, power-cycle the board, and/or try more reliable JTAG settings (e.g. lower TCLK). (Emulation package 12.7.0.00130) 

Current time = 09/10/2024 04:36:00
DSLOG: Total number of iterations: 1797418
DSLOG: Average throughput time: 0.02750974475227393
DSLOG: Time taken for refresh_global_pool = 2.4644978111609817e-05
DSLOG: We have 6 in the global pool.
DSLOG: Time taken for write_local_pool = 0.09641647801618092
DSLOG: Time taken for refresh_global_pool = 2.8039008611813188e-05
DSLOG: Time taken for refresh_local_pool = 0.10358410602202639
97
-----Starting Sanity Check-----
DSLOG: Time taken for set_refresh_breakpoint = 0.005026822007494047
Current time = 09/10/2024 04:56:00
DSLOG: Total number of iterations: 1853452
DSLOG: Average throughput time: 0.027325571340102515
DSLOG: Time taken for refresh_global_pool = 3.7335004890337586e-05
DSLOG: We have 6 in the global pool.
DSLOG: Time taken for write_local_pool = 0.09800081100547686
DSLOG: Time taken for refresh_global_pool = 2.8664013370871544e-05
DSLOG: Time taken for refresh_local_pool = 0.10517480000271462
98
-----Starting Sanity Check-----
DSLOG: Time taken for set_refresh_breakpoint = 0.00843938800971955
Current time = 09/10/2024 05:16:00
DSLOG: Total number of iterations: 1909490
DSLOG: Average throughput time: 0.027152159246995253
DSLOG: Time taken for refresh_global_pool = 3.911100793629885e-05
DSLOG: We have 6 in the global pool.
DSLOG: Time taken for write_local_pool = 0.0987458820163738
DSLOG: Time taken for refresh_global_pool = 2.79039959423244e-05
DSLOG: Time taken for refresh_local_pool = 0.10681882800417952
99
-----Starting Sanity Check-----
DSLOG: Time taken for set_refresh_breakpoint = 0.0019475650042295456
Current time = 09/10/2024 05:36:00
DSLOG: Total number of iterations: 1965494
DSLOG: Average throughput time: 0.026989099248426813
DSLOG: Time taken for refresh_global_pool = 3.361800918355584e-05
DSLOG: We have 6 in the global pool.
DSLOG: Time taken for write_local_pool = 0.09825234100571834
DSLOG: Time taken for refresh_global_pool = 1.9884988432750106e-05
DSLOG: Time taken for refresh_local_pool = 0.10547815301106311
100
-----Starting Sanity Check-----
DSLOG: Time taken for set_refresh_breakpoint = 0.0038692670059390366
Current time = 09/10/2024 05:56:00
DSLOG: Total number of iterations: 2021501
DSLOG: Average throughput time: 0.02683502853417762
DSLOG: Time taken for refresh_global_pool = 3.2275012927129865e-05
DSLOG: We have 6 in the global pool.
DSLOG: Time taken for write_local_pool = 0.0965791440103203
DSLOG: Time taken for refresh_global_pool = 1.9911996787413955e-05
DSLOG: Time taken for refresh_local_pool = 0.1036278429965023
101
-----Starting Sanity Check-----
DSLOG: Time taken for set_refresh_breakpoint = 0.0012353330093901604
Current time = 09/10/2024 06:16:00
DSLOG: Total number of iterations: 2077525
DSLOG: Average throughput time: 0.026689050867259694
DSLOG: Time taken for refresh_global_pool = 4.315501428209245e-05
DSLOG: We have 6 in the global pool.
DSLOG: Time taken for write_local_pool = 0.09759268898051232
DSLOG: Time taken for refresh_global_pool = 3.3795018680393696e-05
DSLOG: Time taken for refresh_local_pool = 0.10508888601907529
102
-----Starting Sanity Check-----
DSLOG: Time taken for set_refresh_breakpoint = 0.004720785975223407
Current time = 09/10/2024 06:36:00
DSLOG: Total number of iterations: 2133607
DSLOG: Average throughput time: 0.026550019857006772
DSLOG: Time taken for refresh_global_pool = 3.91429930459708e-05
DSLOG: We have 6 in the global pool.
DSLOG: Time taken for write_local_pool = 0.09879679000005126
DSLOG: Time taken for refresh_global_pool = 2.979201963171363e-05
DSLOG: Time taken for refresh_local_pool = 0.1030203599948436
103
-----Starting Sanity Check-----
DSLOG: Time taken for set_refresh_breakpoint = 0.007270550006069243
Current time = 09/10/2024 06:56:00
DSLOG: Total number of iterations: 2189677
DSLOG: Average throughput time: 0.02641824997771408
DSLOG: Time taken for refresh_global_pool = 3.7757010431960225e-05
DSLOG: We have 6 in the global pool.
DSLOG: Time taken for write_local_pool = 0.09778672101674601
DSLOG: Time taken for refresh_global_pool = 3.2953976187855005e-05
DSLOG: Time taken for refresh_local_pool = 0.10500132001470774
104
-----Starting Sanity Check-----
DSLOG: Time taken for set_refresh_breakpoint = 0.0038971860194578767
-----Found crash-----
Current time = 09/10/2024 07:16:05
DSLOG: Total number of iterations: 2235922
DSLOG: Average throughput time: 0.026410377414348853
DSLOG: Found the end of the coverage map.
[65535]
{68: 7118, 101: 7151, 251: 7301, 309: 7359, 333: 7383, 357: 7407, 381: 7431, 404: 7454, 916: 7966, 933: 7983, 937: 7987, 962: 8012, 966: 8016, 1148: 8198, 1172: 8222, 1176: 8226, 1187: 8237, 1196: 8246, 1209: 8259, 1218: 8268, 1236: 8286, 1240: 8290, 1248: 8298, 1259: 8309, 1280: 8330, 1284: 8334, 1311: 8361, 1315: 8365, 1329: 8379, 1336: 8386, 1349: 8399, 1356: 8406, 1365: 8415, 1383: 8433, 1387: 8437, 1396: 8446, 1415: 8465, 1445: 8495, 1635: 8685, 1654: 8704, 1673: 8723, 1691: 8741, 1709: 8759, 1738: 8788, 1793: 8843, 1836: 8886, 1886: 8936, 2259: 9309, 2269: 9319, 2293: 9343, 2297: 9347, 2316: 9366, 2320: 9370, 2336: 9386, 2346: 9396, 2365: 9415, 2369: 9419, 2391: 9441, 2395: 9445, 2416: 9466, 2420: 9470, 2439: 9489, 2443: 9493, 2460: 9510, 2472: 9522, 2479: 9529, 2495: 9545, 2499: 9549, 2521: 9571, 20931: 27981, 20935: 27985}
[65535]
DSLOG: Coverage not found:  65535
Traceback (most recent call last):
  File "Expression.java", line 147, in com.ti.debug.engine.scripting.Expression.evaluate
Exception: Java Exception

The above exception was the direct cause of the following exception:

Traceback (most recent call last):
  File "/home/santiago/Research/DSPFuzz/dspfuzz.py", line 845, in <module>
    main()
  File "/home/santiago/Research/DSPFuzz/dspfuzz.py", line 60, in wrapper
    ret_value = func(*args,**kwargs)        
  File "/home/santiago/Research/DSPFuzz/dspfuzz.py", line 841, in main
    device_listener()
  File "/home/santiago/Research/DSPFuzz/dspfuzz.py", line 60, in wrapper
    ret_value = func(*args,**kwargs)        
  File "/home/santiago/Research/DSPFuzz/dspfuzz.py", line 738, in device_listener
    pc = debugSession.expression.evaluate('PC')
com.ti.xpcom.com.ti.xpcom.XPCOMException: com.ti.xpcom.XPCOMException: The function "getFrameInfo" returned an error condition  (0x80780001)
-----Resetting the Device-----
Current status for hub 4-2 [2109:8110 VIA Labs, Inc. USB3.0 Hub, USB 3.00, 4 ports, ppps]
  Port 1: 02a0 power 5gbps Rx.Detect
Sent power off request
New status for hub 4-2 [2109:8110 VIA Labs, Inc. USB3.0 Hub, USB 3.00, 4 ports, ppps]
  Port 1: 0080 off
Current status for hub 3-2 [2109:2811 VIA Labs, Inc. USB2.0 Hub, USB 2.10, 4 ports, ppps]
  Port 1: 0503 power highspeed enable connect [0403:a6d0 SD Texas Instruments Inc.XDS100 Ver 2.0 SD0W9XLO]
Sent power off request
New status for hub 3-2 [2109:2811 VIA Labs, Inc. USB2.0 Hub, USB 2.10, 4 ports, ppps]
  Port 1: 0000 off
Current status for hub 4-2 [2109:8110 VIA Labs, Inc. USB3.0 Hub, USB 3.00, 4 ports, ppps]
  Port 1: 0080 off
Sent power on request
New status for hub 4-2 [2109:8110 VIA Labs, Inc. USB3.0 Hub, USB 3.00, 4 ports, ppps]
  Port 1: 02a0 power 5gbps Rx.Detect
Current status for hub 3-2 [2109:2811 VIA Labs, Inc. USB2.0 Hub, USB 2.10, 4 ports, ppps]
  Port 1: 0000 off
Sent power on request
New status for hub 3-2 [2109:2811 VIA Labs, Inc. USB2.0 Hub, USB 2.10, 4 ports, ppps]
  Port 1: 0101 power connect [0403:a6d0]
C55xx: GEL Output: Reset Peripherals is complete.

C55xx: GEL Output: Configuring PLL (100 MHz).

C55xx: GEL Output: PLL Init Done.
C55xx: GEL Output: Target Connection Complete.

SEVERE: C55xx: Trouble Writing Memory Block at 0x10000 on Page 0 of Length 0x622f: (Error -1143 @ 0x1622C) Device core was hung. The debugger has forced the device to a ready state and recovered debug control, but your application's state is now corrupt. You should have limited access to memory and registers, but you may need to reset the device to debug further. (Emulation package 12.7.0.00130) 

SEVERE: C55xx: File Loader: Verification failed: Target failed to write 0x010000@PROGRAM

SEVERE: C55xx: GEL: File: /home/santiago/Research/DSPFuzz/DSPFuzz.out: Load failed.

SEVERE: File: /home/santiago/Research/DSPFuzz/DSPFuzz.out: Load failed.
SEVERE: Error loading "DSPFuzz.out": File: /home/santiago/Research/DSPFuzz/DSPFuzz.out: Load failed.
Exception in thread Thread-109:
Traceback (most recent call last):
  File "Memory.java", line 932, in com.ti.debug.engine.scripting.Memory.loadProgram
Exception: Java Exception

The above exception was the direct cause of the following exception:

Traceback (most recent call last):
  File "/usr/lib/python3.10/threading.py", line 1016, in _bootstrap_inner
    self.run()
  File "/usr/lib/python3.10/threading.py", line 1378, in run
    self.function(*self.args, **self.kwargs)
  File "/home/santiago/Research/DSPFuzz/dspfuzz.py", line 60, in wrapper
    ret_value = func(*args,**kwargs)        
  File "/home/santiago/Research/DSPFuzz/dspfuzz.py", line 675, in crash_reload
    reset_and_reload()
  File "/home/santiago/Research/DSPFuzz/dspfuzz.py", line 210, in reset_and_reload
    debugSession.memory.loadProgram('DSPFuzz.out')
com.ti.ccstudio.scripting.environment.com.ti.ccstudio.scripting.environment.ScriptingException: com.ti.ccstudio.scripting.environment.ScriptingException: Error loading "DSPFuzz.out": File: /home/santiago/Research/DSPFuzz/DSPFuzz.out: Load failed.

